# JRE version: OpenJDK Runtime Environment JBR-21.0.5+8-631.28-jcef (21.0.5+8) (build 21.0.5+8-b631.28)
# Java VM: OpenJDK 64-Bit Server VM JBR-21.0.5+8-631.28-jcef (21.0.5+8-b631.28, mixed mode, sharing, tiered, compressed oops, compressed class ptrs, g1 gc, windows-amd64)
GC Precious Log:
 CardTable entry size: 512
 Card Set container configuration: InlinePtr #cards 5 size 8 Array Of Cards #cards 12 size 40 Howl #buckets 4 coarsen threshold 1843 Howl Bitmap #cards 512 size 80 coarsen threshold 460 Card regions per heap region 1 cards per card region 2048
 CPUs: 2 total, 2 available
 Memory: 3918M
 Large Page Support: Disabled
 NUMA Support: Disabled
 Compressed Oops: Enabled (32-bit)
 Heap Region Size: 1M
 Heap Min Capacity: 128M
 Heap Initial Capacity: 128M
 Heap Max Capacity: 2G
 Pre-touch: Disabled
 Parallel Workers: 2
 Concurrent Workers: 1
 Concurrent Refinement Workers: 2
 Periodic GC: Disabled
Heap:
 garbage-first heap   total 131072K, used 17384K [0x0000000080000000, 0x0000000100000000)
  region size 1024K, 6 young (6144K), 2 survivors (2048K)
 Metaspace       used 17468K, committed 17856K, reserved 1114112K
  class space    used 1932K, committed 2112K, reserved 1048576K
GC Heap History (14 events):
Event: 2.623 GC heap before
{Heap before GC invocations=0 (full 0):
 garbage-first heap   total 131072K, used 9216K [0x0000000080000000, 0x0000000100000000)
  region size 1024K, 6 young (6144K), 0 survivors (0K)
 Metaspace       used 1493K, committed 1600K, reserved 1114112K
  class space    used 194K, committed 256K, reserved 1048576K
}
Event: 2.632 GC heap after
{Heap after GC invocations=1 (full 0):
 garbage-first heap   total 131072K, used 6400K [0x0000000080000000, 0x0000000100000000)
  region size 1024K, 1 young (1024K), 1 survivors (1024K)
 Metaspace       used 1493K, committed 1600K, reserved 1114112K
  class space    used 194K, committed 256K, reserved 1048576K
}
Event: 3.029 GC heap before
{Heap before GC invocations=1 (full 0):
 garbage-first heap   total 131072K, used 11520K [0x0000000080000000, 0x0000000100000000)
  region size 1024K, 6 young (6144K), 1 survivors (1024K)
 Metaspace       used 3216K, committed 3456K, reserved 1114112K
  class space    used 408K, committed 512K, reserved 1048576K
}
Event: 3.037 GC heap after
{Heap after GC invocations=2 (full 0):
 garbage-first heap   total 131072K, used 7887K [0x0000000080000000, 0x0000000100000000)
  region size 1024K, 1 young (1024K), 1 survivors (1024K)
 Metaspace       used 3216K, committed 3456K, reserved 1114112K
  class space    used 408K, committed 512K, reserved 1048576K
}
Event: 4.951 GC heap before
{Heap before GC invocations=2 (full 0):
 garbage-first heap   total 131072K, used 15055K [0x0000000080000000, 0x0000000100000000)
  region size 1024K, 9 young (9216K), 1 survivors (1024K)
 Metaspace       used 7739K, committed 8128K, reserved 1114112K
  class space    used 974K, committed 1152K, reserved 1048576K
}
Event: 4.960 GC heap after
{Heap after GC invocations=3 (full 0):
 garbage-first heap   total 131072K, used 9420K [0x0000000080000000, 0x0000000100000000)
  region size 1024K, 2 young (2048K), 2 survivors (2048K)
 Metaspace       used 7739K, committed 8128K, reserved 1114112K
  class space    used 974K, committed 1152K, reserved 1048576K
}
Event: 10.183 GC heap before
{Heap before GC invocations=3 (full 0):
 garbage-first heap   total 131072K, used 25804K [0x0000000080000000, 0x0000000100000000)
  region size 1024K, 19 young (19456K), 2 survivors (2048K)
 Metaspace       used 15997K, committed 16448K, reserved 1114112K
  class space    used 1849K, committed 2048K, reserved 1048576K
}
Event: 10.201 GC heap after
{Heap after GC invocations=4 (full 0):
 garbage-first heap   total 131072K, used 12213K [0x0000000080000000, 0x0000000100000000)
  region size 1024K, 3 young (3072K), 3 survivors (3072K)
 Metaspace       used 15997K, committed 16448K, reserved 1114112K
  class space    used 1849K, committed 2048K, reserved 1048576K
}
Event: 48.716 GC heap before
{Heap before GC invocations=4 (full 0):
 garbage-first heap   total 131072K, used 63413K [0x0000000080000000, 0x0000000100000000)
  region size 1024K, 53 young (54272K), 3 survivors (3072K)
 Metaspace       used 17167K, committed 17600K, reserved 1114112K
  class space    used 1927K, committed 2112K, reserved 1048576K
}
Event: 48.727 GC heap after
{Heap after GC invocations=5 (full 0):
 garbage-first heap   total 131072K, used 13749K [0x0000000080000000, 0x0000000100000000)
  region size 1024K, 5 young (5120K), 5 survivors (5120K)
 Metaspace       used 17167K, committed 17600K, reserved 1114112K
  class space    used 1927K, committed 2112K, reserved 1048576K
}
Event: 115.089 GC heap before
{Heap before GC invocations=5 (full 0):
 garbage-first heap   total 131072K, used 85429K [0x0000000080000000, 0x0000000100000000)
  region size 1024K, 76 young (77824K), 5 survivors (5120K)
 Metaspace       used 17355K, committed 17792K, reserved 1114112K
  class space    used 1928K, committed 2112K, reserved 1048576K
}
Event: 115.340 GC heap after
{Heap after GC invocations=6 (full 0):
 garbage-first heap   total 131072K, used 13749K [0x0000000080000000, 0x0000000100000000)
  region size 1024K, 5 young (5120K), 5 survivors (5120K)
 Metaspace       used 17355K, committed 17792K, reserved 1114112K
  class space    used 1928K, committed 2112K, reserved 1048576K
}
Event: 133.256 GC heap before
{Heap before GC invocations=6 (full 0):
 garbage-first heap   total 131072K, used 45493K [0x0000000080000000, 0x0000000100000000)
  region size 1024K, 36 young (36864K), 5 survivors (5120K)
 Metaspace       used 17465K, committed 17856K, reserved 1114112K
  class space    used 1932K, committed 2112K, reserved 1048576K
}
Event: 133.282 GC heap after
{Heap after GC invocations=7 (full 0):
 garbage-first heap   total 131072K, used 14312K [0x0000000080000000, 0x0000000100000000)
  region size 1024K, 2 young (2048K), 2 survivors (2048K)
 Metaspace       used 17465K, committed 17856K, reserved 1114112K
  class space    used 1932K, committed 2112K, reserved 1048576K
}

